<?xml version="1.0" encoding="UTF-8"?>
<coverage generated="1679653494651" clover="3.2.0">
  <project timestamp="1679653494651" name="All files">
    <metrics statements="20" coveredstatements="20" conditionals="12" coveredconditionals="12" methods="10" coveredmethods="10" elements="42" coveredelements="42" complexity="0" loc="20" ncloc="20" packages="1" files="1" classes="1"/>
    <file name="Point.ts" path="/home/laroche5/nextcloud/Cours/r201_r203/r203/programmes/r203_jest2/src/metier/ex4/Point.ts">
      <metrics statements="20" coveredstatements="20" conditionals="12" coveredconditionals="12" methods="10" coveredmethods="10"/>
      <line num="2" count="23" type="stmt"/>
      <line num="3" count="23" type="stmt"/>
      <line num="6" count="23" type="stmt"/>
      <line num="7" count="22" type="stmt"/>
      <line num="11" count="6" type="stmt"/>
      <line num="15" count="25" type="cond" truecount="2" falsecount="0"/>
      <line num="16" count="2" type="stmt"/>
      <line num="18" count="23" type="stmt"/>
      <line num="22" count="6" type="stmt"/>
      <line num="26" count="24" type="cond" truecount="2" falsecount="0"/>
      <line num="27" count="2" type="stmt"/>
      <line num="29" count="22" type="stmt"/>
      <line num="33" count="1" type="stmt"/>
      <line num="37" count="2" type="cond" truecount="4" falsecount="0"/>
      <line num="38" count="1" type="stmt"/>
      <line num="43" count="1" type="stmt"/>
      <line num="44" count="1" type="stmt"/>
      <line num="48" count="1" type="stmt"/>
      <line num="52" count="2" type="stmt"/>
      <line num="56" count="4" type="cond" truecount="2" falsecount="0"/>
    </file>
  </project>
</coverage>
