TN:
SF:src/metier/ex4/Point.ts
FN:5,(anonymous_0)
FN:10,(anonymous_1)
FN:14,(anonymous_2)
FN:21,(anonymous_3)
FN:25,(anonymous_4)
FN:32,(anonymous_5)
FN:36,(anonymous_6)
FN:47,(anonymous_7)
FN:51,(anonymous_8)
FN:55,(anonymous_9)
FNF:10
FNH:10
FNDA:23,(anonymous_0)
FNDA:6,(anonymous_1)
FNDA:25,(anonymous_2)
FNDA:6,(anonymous_3)
FNDA:24,(anonymous_4)
FNDA:1,(anonymous_5)
FNDA:2,(anonymous_6)
FNDA:1,(anonymous_7)
FNDA:2,(anonymous_8)
FNDA:4,(anonymous_9)
DA:2,23
DA:3,23
DA:6,23
DA:7,22
DA:11,6
DA:15,25
DA:16,2
DA:18,23
DA:22,6
DA:26,24
DA:27,2
DA:29,22
DA:33,1
DA:37,2
DA:38,1
DA:43,1
DA:44,1
DA:48,1
DA:52,2
DA:56,4
LF:20
LH:20
BRDA:5,0,0,5
BRDA:5,1,0,6
BRDA:15,2,0,2
BRDA:15,2,1,23
BRDA:26,3,0,2
BRDA:26,3,1,22
BRDA:37,4,0,1
BRDA:37,4,1,1
BRDA:37,5,0,2
BRDA:37,5,1,1
BRDA:56,6,0,4
BRDA:56,6,1,2
BRF:12
BRH:12
end_of_record
